<?xml version="1.0" encoding="UTF-8"?>
<testsuite xmlns:xsi="http://www.w3.org/2001/XMLSchema-instance" xsi:noNamespaceSchemaLocation="https://maven.apache.org/surefire/maven-surefire-plugin/xsd/surefire-test-report-3.0.xsd" version="3.0" name="testMock.UserTests" time="0.636" tests="4" errors="0" skipped="0" failures="0">
  <properties>
[...]
</properties>
  <testcase name="testCreateUser" classname="testMock.UserTests" time="0.547">
    <system-out><![CDATA[Response body: {username: "testuser1109"}
Response status code: 200
]]></system-out>
    <system-err><![CDATA[SLF4J: Failed to load class "org.slf4j.impl.StaticLoggerBinder".
SLF4J: Defaulting to no-operation (NOP) logger implementation
SLF4J: See http://www.slf4j.org/codes.html#StaticLoggerBinder for further details.
]]></system-err>
  </testcase>
  <testcase name="testCreateAndGetUser" classname="testMock.UserTests" time="0.007">
    <system-out><![CDATA[Response status code: 200
Response body: {username: "testuser1109"}
Response status code: 200
Response body: {username: "testuser1109"}
]]></system-out>
  </testcase>
  <testcase name="testUpdateUser" classname="testMock.UserTests" time="0.008">
    <system-out><![CDATA[Response status code: 200
Response body: {username: "testuser1109"}
Response status code: 200
Response body: {firstName: "Updated"}
]]></system-out>
  </testcase>
  <testcase name="testDeleteUser" classname="testMock.UserTests" time="0.005">
    <system-out><![CDATA[Response status code: 200
Response body: {username: "testuser1109"}
Response status code: 200
]]></system-out>
  </testcase>
</testsuite>